<?xml version="1.0" encoding="UTF-8"?>
<!-- Generated by org.testng.reporters.JUnitXMLReporter -->
<testsuite ignored="0" hostname="sanjai" failures="0" tests="5" name="Default test" time="29.197" errors="0" timestamp="2022-05-06T17:25:18 IST">
  <testcase classname="DataProvider.Login_Panel" name="logindata" time="7.044"/>
  <testcase classname="DataProvider.Login_Panel" name="logindata" time="6.074"/>
  <testcase classname="DataProvider.Login_Panel" name="logindata" time="1.189"/>
  <testcase classname="DataProvider.Login_Panel" name="logindata" time="0.397"/>
  <testcase classname="DataProvider.Login_Panel" name="logindata" time="0.333"/>
</testsuite> <!-- Default test -->
